<?xml version="1.0" encoding="utf-8"?><testsuites name="pytest tests"><testsuite name="pytest" errors="0" failures="0" skipped="0" tests="45" time="19.182" timestamp="2026-05-09T10:24:58.651200+00:00" hostname="agent-env-9d8f5d74-b371-426c-a50d-c432e13c80d6"><testcase classname="backend.tests.backend_test" name="test_health" time="0.114" /><testcase classname="backend.tests.backend_test" name="test_root" time="0.097" /><testcase classname="backend.tests.backend_test.TestAuth" name="test_login_seeded_users[super@cornerstreams.com-Super@123-super_admin]" time="0.337" /><testcase classname="backend.tests.backend_test.TestAuth" name="test_login_seeded_users[admin@demo.school-Admin@123-school_admin]" time="0.329" /><testcase classname="backend.tests.backend_test.TestAuth" name="test_login_seeded_users[teacher@demo.school-Teacher@123-teacher]" time="0.326" /><testcase classname="backend.tests.backend_test.TestAuth" name="test_login_seeded_users[parent@demo.school-Parent@123-parent]" time="0.326" /><testcase classname="backend.tests.backend_test.TestAuth" name="test_login_invalid" time="0.332" /><testcase classname="backend.tests.backend_test.TestAuth" name="test_me_endpoint" time="0.379" /><testcase classname="backend.tests.backend_test.TestAuth" name="test_me_unauthenticated" time="0.109" /><testcase classname="backend.tests.backend_test.TestAuth" name="test_schools_public" time="0.103" /><testcase classname="backend.tests.backend_test.TestAuth" name="test_register_school_admin" time="0.324" /><testcase classname="backend.tests.backend_test.TestAuth" name="test_register_parent_existing_school" time="0.320" /><testcase classname="backend.tests.backend_test.TestSchoolAndStudents" name="test_schools_me" time="0.359" /><testcase classname="backend.tests.backend_test.TestSchoolAndStudents" name="test_list_students_school_admin" time="0.387" /><testcase classname="backend.tests.backend_test.TestSchoolAndStudents" name="test_create_student" time="0.491" /><testcase classname="backend.tests.backend_test.TestSchoolAndStudents" name="test_parent_sees_only_own_children" time="0.396" /><testcase classname="backend.tests.backend_test.TestSchoolAndStudents" name="test_bulk_upload_xlsx" time="0.485" /><testcase classname="backend.tests.backend_test.TestScoresAndReports" name="test_teacher_batch_scores_and_skills" time="0.464" /><testcase classname="backend.tests.backend_test.TestScoresAndReports" name="test_report_adaeze_no_debt_as_parent" time="0.446" /><testcase classname="backend.tests.backend_test.TestScoresAndReports" name="test_report_emeka_debt_locked_as_parent" time="0.420" /><testcase classname="backend.tests.backend_test.TestScoresAndReports" name="test_report_emeka_admin_bypasses_debt_lock" time="0.417" /><testcase classname="backend.tests.backend_test.TestPayments" name="test_pricing" time="0.102" /><testcase classname="backend.tests.backend_test.TestPayments" name="test_checkout_creates_session" time="1.206" /><testcase classname="backend.tests.backend_test.TestPayments" name="test_checkout_wrong_role_forbidden" time="0.377" /><testcase classname="backend.tests.backend_test.TestPayments" name="test_bank_receipt_flow" time="0.796" /><testcase classname="backend.tests.backend_test.TestSuperAdmin" name="test_stats" time="0.374" /><testcase classname="backend.tests.backend_test.TestSuperAdmin" name="test_lead_submit_and_list" time="0.474" /><testcase classname="backend.tests.backend_test.TestSuperAdmin" name="test_lead_list_forbidden_for_admin" time="0.398" /><testcase classname="backend.tests.backend_test.TestSuperAdmin" name="test_password_override" time="1.189" /><testcase classname="backend.tests.backend_test.TestSuperAdmin" name="test_kill_switch_blocks_school_users" time="1.455" /><testcase classname="backend.tests.phase2_test.TestStudentLogin" name="test_student_login_returns_role_student" time="0.323" /><testcase classname="backend.tests.phase2_test.TestStudentLogin" name="test_students_me_returns_adaeze" time="0.373" /><testcase classname="backend.tests.phase2_test.TestStudentLogin" name="test_register_student_role_blocked" time="0.097" /><testcase classname="backend.tests.phase2_test.TestSubjects" name="test_jss1_has_six_subjects" time="0.370" /><testcase classname="backend.tests.phase2_test.TestSubjects" name="test_admin_can_upsert_and_delete_subjects" time="0.606" /><testcase classname="backend.tests.phase2_test.TestStudentProvisioning" name="test_admin_provisions_student_login_and_passport" time="1.267" /><testcase classname="backend.tests.phase2_test.TestCBT" name="test_unpublished_exam_hidden_from_student" time="1.711" /><testcase classname="backend.tests.phase2_test.TestCBT" name="test_publish_then_student_sees_stripped" time="0.104" /><testcase classname="backend.tests.phase2_test.TestCBT" name="test_start_attempt" time="0.048" /><testcase classname="backend.tests.phase2_test.TestCBT" name="test_other_student_cannot_submit_someone_elses_attempt" time="0.050" /><testcase classname="backend.tests.phase2_test.TestCBT" name="test_submit_autograde_and_autofill_score" time="0.157" /><testcase classname="backend.tests.phase2_test.TestCBT" name="test_repeated_submit_returns_400" time="0.084" /><testcase classname="backend.tests.phase2_test.TestCBT" name="test_teacher_attempts_listing_has_student_name" time="0.137" /><testcase classname="backend.tests.phase2_test.TestPWA" name="test_manifest_reachable" time="0.091" /><testcase classname="backend.tests.phase2_test.TestPWA" name="test_service_worker_reachable" time="0.097" /></testsuite></testsuites>