<?xml version="1.0" encoding="utf-8"?><testsuites name="pytest tests"><testsuite name="pytest" errors="0" failures="0" skipped="0" tests="14" time="7.500" timestamp="2026-05-13T21:40:30.513819+00:00" hostname="agent-env-7cbc605a-f142-4551-b236-07344fa20a59"><testcase classname="backend.tests.p0_test.TestPaymentGate" name="test_1a_register_returns_pending_no_token" time="0.377" /><testcase classname="backend.tests.p0_test.TestPaymentGate" name="test_1b_login_blocked_with_403" time="0.540" /><testcase classname="backend.tests.p0_test.TestPaymentGate" name="test_1c_super_admin_generate_whatsapp_code" time="0.492" /><testcase classname="backend.tests.p0_test.TestPaymentGate" name="test_1d_public_bank_receipt_flips_to_pending_code" time="0.600" /><testcase classname="backend.tests.p0_test.TestPaymentGate" name="test_1f_approve_activates_school_and_subscription" time="0.916" /><testcase classname="backend.tests.p0_test.TestRejectFlow" name="test_1g_reject_blocks_login" time="1.196" /><testcase classname="backend.tests.p0_test.TestRegression" name="test_seeded_logins_still_work[creds0-super_admin]" time="0.359" /><testcase classname="backend.tests.p0_test.TestRegression" name="test_seeded_logins_still_work[creds1-school_admin]" time="0.348" /><testcase classname="backend.tests.p0_test.TestRegression" name="test_seeded_logins_still_work[creds2-teacher]" time="0.346" /><testcase classname="backend.tests.p0_test.TestRegression" name="test_seeded_logins_still_work[creds3-parent]" time="0.380" /><testcase classname="backend.tests.p0_test.TestRegression" name="test_seeded_logins_still_work[creds4-student]" time="0.345" /><testcase classname="backend.tests.p0_test.TestRegression" name="test_superadmin_stats_has_pending_schools" time="0.465" /><testcase classname="backend.tests.p0_test.TestReportCardUpgrades" name="test_10_adaeze_report_has_new_fields" time="0.568" /><testcase classname="backend.tests.p0_test.TestParentChildrenBug" name="test_11_parent_sees_both_children" time="0.488" /></testsuite></testsuites>