<?xml version="1.0" encoding="utf-8"?><testsuites name="pytest tests"><testsuite name="pytest" errors="0" failures="1" skipped="0" tests="15" time="5.541" timestamp="2026-05-09T10:24:40.452782+00:00" hostname="agent-env-9d8f5d74-b371-426c-a50d-c432e13c80d6"><testcase classname="backend.tests.phase2_test.TestStudentLogin" name="test_student_login_returns_role_student" time="0.442" /><testcase classname="backend.tests.phase2_test.TestStudentLogin" name="test_students_me_returns_adaeze" time="0.370" /><testcase classname="backend.tests.phase2_test.TestStudentLogin" name="test_register_student_role_blocked" time="0.099" /><testcase classname="backend.tests.phase2_test.TestSubjects" name="test_jss1_has_six_subjects" time="0.369" /><testcase classname="backend.tests.phase2_test.TestSubjects" name="test_admin_can_upsert_and_delete_subjects" time="0.614" /><testcase classname="backend.tests.phase2_test.TestStudentProvisioning" name="test_admin_provisions_student_login_and_passport" time="1.041"><failure message="KeyError: 'student_id'">backend/tests/phase2_test.py:113: in test_admin_provisions_student_login_and_passport
    assert r3.json()["user"]["student_id"] == sid
           ^^^^^^^^^^^^^^^^^^^^^^^^^^^^^^^
E   KeyError: 'student_id'</failure></testcase><testcase classname="backend.tests.phase2_test.TestCBT" name="test_unpublished_exam_hidden_from_student" time="1.718" /><testcase classname="backend.tests.phase2_test.TestCBT" name="test_publish_then_student_sees_stripped" time="0.112" /><testcase classname="backend.tests.phase2_test.TestCBT" name="test_start_attempt" time="0.048" /><testcase classname="backend.tests.phase2_test.TestCBT" name="test_other_student_cannot_submit_someone_elses_attempt" time="0.048" /><testcase classname="backend.tests.phase2_test.TestCBT" name="test_submit_autograde_and_autofill_score" time="0.153" /><testcase classname="backend.tests.phase2_test.TestCBT" name="test_repeated_submit_returns_400" time="0.045" /><testcase classname="backend.tests.phase2_test.TestCBT" name="test_teacher_attempts_listing_has_student_name" time="0.143" /><testcase classname="backend.tests.phase2_test.TestPWA" name="test_manifest_reachable" time="0.128" /><testcase classname="backend.tests.phase2_test.TestPWA" name="test_service_worker_reachable" time="0.094" /></testsuite></testsuites>