<?xml version="1.0" encoding="utf-8"?><testsuites name="pytest tests"><testsuite name="pytest" errors="0" failures="1" skipped="0" tests="30" time="14.349" timestamp="2026-05-09T09:53:12.861476+00:00" hostname="agent-env-9d8f5d74-b371-426c-a50d-c432e13c80d6"><testcase classname="backend.tests.backend_test" name="test_health" time="0.269" /><testcase classname="backend.tests.backend_test" name="test_root" time="0.132" /><testcase classname="backend.tests.backend_test.TestAuth" name="test_login_seeded_users[super@cornerstreams.com-Super@123-super_admin]" time="0.368" /><testcase classname="backend.tests.backend_test.TestAuth" name="test_login_seeded_users[admin@demo.school-Admin@123-school_admin]" time="0.326" /><testcase classname="backend.tests.backend_test.TestAuth" name="test_login_seeded_users[teacher@demo.school-Teacher@123-teacher]" time="0.335" /><testcase classname="backend.tests.backend_test.TestAuth" name="test_login_seeded_users[parent@demo.school-Parent@123-parent]" time="0.320" /><testcase classname="backend.tests.backend_test.TestAuth" name="test_login_invalid" time="0.324" /><testcase classname="backend.tests.backend_test.TestAuth" name="test_me_endpoint" time="0.364" /><testcase classname="backend.tests.backend_test.TestAuth" name="test_me_unauthenticated" time="0.129" /><testcase classname="backend.tests.backend_test.TestAuth" name="test_schools_public" time="0.096" /><testcase classname="backend.tests.backend_test.TestAuth" name="test_register_school_admin" time="0.328" /><testcase classname="backend.tests.backend_test.TestAuth" name="test_register_parent_existing_school" time="0.353" /><testcase classname="backend.tests.backend_test.TestSchoolAndStudents" name="test_schools_me" time="0.368" /><testcase classname="backend.tests.backend_test.TestSchoolAndStudents" name="test_list_students_school_admin" time="0.372" /><testcase classname="backend.tests.backend_test.TestSchoolAndStudents" name="test_create_student" time="0.466" /><testcase classname="backend.tests.backend_test.TestSchoolAndStudents" name="test_parent_sees_only_own_children" time="0.374" /><testcase classname="backend.tests.backend_test.TestSchoolAndStudents" name="test_bulk_upload_xlsx" time="0.460" /><testcase classname="backend.tests.backend_test.TestScoresAndReports" name="test_teacher_batch_scores_and_skills" time="0.559" /><testcase classname="backend.tests.backend_test.TestScoresAndReports" name="test_report_adaeze_no_debt_as_parent" time="0.773" /><testcase classname="backend.tests.backend_test.TestScoresAndReports" name="test_report_emeka_debt_locked_as_parent" time="0.445" /><testcase classname="backend.tests.backend_test.TestScoresAndReports" name="test_report_emeka_admin_bypasses_debt_lock" time="0.432" /><testcase classname="backend.tests.backend_test.TestPayments" name="test_pricing" time="0.098" /><testcase classname="backend.tests.backend_test.TestPayments" name="test_checkout_creates_session" time="1.246"><failure message="AssertionError: Internal Server Error&#10;assert 500 == 200&#10; +  where 500 = &lt;Response [500]&gt;.status_code">backend/tests/backend_test.py:234: in test_checkout_creates_session
    assert r2.status_code == 200, r2.text
E   AssertionError: Internal Server Error
E   assert 500 == 200
E    +  where 500 = &lt;Response [500]&gt;.status_code</failure></testcase><testcase classname="backend.tests.backend_test.TestPayments" name="test_checkout_wrong_role_forbidden" time="0.390" /><testcase classname="backend.tests.backend_test.TestPayments" name="test_bank_receipt_flow" time="0.779" /><testcase classname="backend.tests.backend_test.TestSuperAdmin" name="test_stats" time="0.426" /><testcase classname="backend.tests.backend_test.TestSuperAdmin" name="test_lead_submit_and_list" time="0.488" /><testcase classname="backend.tests.backend_test.TestSuperAdmin" name="test_lead_list_forbidden_for_admin" time="0.396" /><testcase classname="backend.tests.backend_test.TestSuperAdmin" name="test_password_override" time="1.164" /><testcase classname="backend.tests.backend_test.TestSuperAdmin" name="test_kill_switch_blocks_school_users" time="1.374" /></testsuite></testsuites>